2025-12-23 00:03:30 [http-nio-8083-exec-1] DEBUG org.hibernate.SQL - 
    select
        u1_0.id,
        u1_0.borrowed_count,
        u1_0.created_at,
        u1_0.deleted,
        u1_0.email,
        u1_0.max_borrow_count,
        u1_0.password,
        u1_0.role,
        u1_0.updated_at,
        u1_0.username 
    from
        users u1_0 
    where
        u1_0.id=?
2025-12-23 00:03:30 [http-nio-8083-exec-4] DEBUG org.hibernate.SQL - 
    select
        u1_0.id,
        u1_0.borrowed_count,
        u1_0.created_at,
        u1_0.deleted,
        u1_0.email,
        u1_0.max_borrow_count,
        u1_0.password,
        u1_0.role,
        u1_0.updated_at,
        u1_0.username 
    from
        users u1_0 
    where
        u1_0.id=?
2025-12-23 00:12:22 [http-nio-8083-exec-5] DEBUG org.hibernate.SQL - 
    select
        u1_0.id,
        u1_0.borrowed_count,
        u1_0.created_at,
        u1_0.deleted,
        u1_0.email,
        u1_0.max_borrow_count,
        u1_0.password,
        u1_0.role,
        u1_0.updated_at,
        u1_0.username 
    from
        users u1_0 
    where
        u1_0.id=?
2025-12-23 00:12:22 [http-nio-8083-exec-6] DEBUG org.hibernate.SQL - 
    select
        u1_0.id,
        u1_0.borrowed_count,
        u1_0.created_at,
        u1_0.deleted,
        u1_0.email,
        u1_0.max_borrow_count,
        u1_0.password,
        u1_0.role,
        u1_0.updated_at,
        u1_0.username 
    from
        users u1_0 
    where
        u1_0.id=?
2025-12-23 00:13:17 [SpringApplicationShutdownHook] INFO  o.s.o.j.LocalContainerEntityManagerFactoryBean - Closing JPA EntityManagerFactory for persistence unit 'default'
2025-12-23 00:13:17 [SpringApplicationShutdownHook] INFO  c.alibaba.druid.pool.DruidDataSource - {dataSource-1} closing ...
2025-12-23 00:13:17 [SpringApplicationShutdownHook] INFO  c.alibaba.druid.pool.DruidDataSource - {dataSource-1} closed
2025-12-23 00:13:20 [restartedMain] INFO  c.z.l.UserServiceApplication - Starting UserServiceApplication using Java 17.0.16 with PID 27748 (D:\微服务大作业\user-service\target\classes started by Klisor in D:\微服务大作业\user-service)
2025-12-23 00:13:20 [restartedMain] DEBUG c.z.l.UserServiceApplication - Running with Spring Boot v3.1.5, Spring v6.0.13
2025-12-23 00:13:20 [restartedMain] INFO  c.z.l.UserServiceApplication - The following 1 profile is active: "dev"
2025-12-23 00:13:21 [restartedMain] INFO  o.s.b.d.e.DevToolsPropertyDefaultsPostProcessor - Devtools property defaults active! Set 'spring.devtools.add-properties' to 'false' to disable
2025-12-23 00:13:21 [restartedMain] INFO  o.s.b.d.e.DevToolsPropertyDefaultsPostProcessor - For additional web related logging consider setting the 'logging.level.web' property to 'DEBUG'
2025-12-23 00:13:22 [restartedMain] INFO  o.s.d.r.c.RepositoryConfigurationDelegate - Bootstrapping Spring Data JPA repositories in DEFAULT mode.
2025-12-23 00:13:22 [restartedMain] INFO  o.s.d.r.c.RepositoryConfigurationDelegate - Finished Spring Data repository scanning in 67 ms. Found 1 JPA repository interfaces.
2025-12-23 00:13:22 [restartedMain] WARN  o.m.s.mapper.ClassPathMapperScanner - Skipping MapperFactoryBean with name 'userRepository' and 'com.zjgsu.librarymanagement.repository.UserRepository' mapperInterface. Bean already defined with the same name!
2025-12-23 00:13:22 [restartedMain] WARN  o.m.s.mapper.ClassPathMapperScanner - No MyBatis mapper was found in '[com.zjgsu.librarymanagement]' package. Please check your configuration.
2025-12-23 00:13:22 [restartedMain] INFO  o.s.cloud.context.scope.GenericScope - BeanFactory id=026ec6c0-1c87-3549-a1e0-61587fc37a10
2025-12-23 00:13:24 [restartedMain] INFO  o.s.b.w.e.tomcat.TomcatWebServer - Tomcat initialized with port(s): 8083 (http)
2025-12-23 00:13:24 [restartedMain] INFO  o.a.catalina.core.StandardService - Starting service [Tomcat]
2025-12-23 00:13:24 [restartedMain] INFO  o.a.catalina.core.StandardEngine - Starting Servlet engine: [Apache Tomcat/10.1.15]
2025-12-23 00:13:24 [restartedMain] INFO  o.a.c.c.C.[.[localhost].[/api] - Initializing Spring embedded WebApplicationContext
2025-12-23 00:13:24 [restartedMain] INFO  o.s.b.w.s.c.ServletWebServerApplicationContext - Root WebApplicationContext: initialization completed in 3342 ms
2025-12-23 00:13:25 [restartedMain] INFO  c.alibaba.druid.pool.DruidDataSource - {dataSource-1} inited
2025-12-23 00:13:25 [restartedMain] INFO  o.h.jpa.internal.util.LogHelper - HHH000204: Processing PersistenceUnitInfo [name: default]
2025-12-23 00:13:25 [restartedMain] INFO  org.hibernate.Version - HHH000412: Hibernate ORM core version 6.2.13.Final
2025-12-23 00:13:25 [restartedMain] INFO  org.hibernate.cfg.Environment - HHH000406: Using bytecode reflection optimizer
2025-12-23 00:13:26 [restartedMain] INFO  o.s.o.j.p.SpringPersistenceUnitInfo - No LoadTimeWeaver setup: ignoring JPA class transformer
2025-12-23 00:13:26 [restartedMain] WARN  org.hibernate.orm.deprecation - HHH90000025: MySQL8Dialect does not need to be specified explicitly using 'hibernate.dialect' (remove the property setting and it will be selected by default)
2025-12-23 00:13:26 [restartedMain] WARN  org.hibernate.orm.deprecation - HHH90000026: MySQL8Dialect has been deprecated; use org.hibernate.dialect.MySQLDialect instead
2025-12-23 00:13:26 [restartedMain] INFO  o.h.e.t.j.p.i.JtaPlatformInitiator - HHH000489: No JTA platform available (set 'hibernate.transaction.jta.platform' to enable JTA platform integration)
2025-12-23 00:13:27 [restartedMain] INFO  o.s.o.j.LocalContainerEntityManagerFactoryBean - Initialized JPA EntityManagerFactory for persistence unit 'default'
2025-12-23 00:13:28 [restartedMain] WARN  o.s.b.d.a.OptionalLiveReloadServer - Unable to start LiveReload server
2025-12-23 00:13:28 [restartedMain] INFO  o.s.b.a.e.web.EndpointLinksResolver - Exposing 3 endpoint(s) beneath base path '/actuator'
2025-12-23 00:13:28 [restartedMain] INFO  o.s.b.w.e.tomcat.TomcatWebServer - Tomcat started on port(s): 8083 (http) with context path '/api'
2025-12-23 00:13:29 [restartedMain] INFO  c.z.l.UserServiceApplication - Started UserServiceApplication in 9.119 seconds (process running for 9.698)
2025-12-23 00:13:48 [http-nio-8083-exec-1] INFO  o.a.c.c.C.[.[localhost].[/api] - Initializing Spring DispatcherServlet 'dispatcherServlet'
2025-12-23 00:13:48 [http-nio-8083-exec-1] INFO  o.s.web.servlet.DispatcherServlet - Initializing Servlet 'dispatcherServlet'
2025-12-23 00:13:48 [http-nio-8083-exec-1] INFO  o.s.web.servlet.DispatcherServlet - Completed initialization in 1 ms
2025-12-23 00:13:48 [http-nio-8083-exec-1] DEBUG org.hibernate.SQL - 
    select
        u1_0.id,
        u1_0.borrowed_count,
        u1_0.created_at,
        u1_0.deleted,
        u1_0.email,
        u1_0.max_borrow_count,
        u1_0.password,
        u1_0.role,
        u1_0.updated_at,
        u1_0.username 
    from
        users u1_0 
    where
        u1_0.id=?
2025-12-23 00:13:48 [http-nio-8083-exec-2] DEBUG org.hibernate.SQL - 
    select
        u1_0.id,
        u1_0.borrowed_count,
        u1_0.created_at,
        u1_0.deleted,
        u1_0.email,
        u1_0.max_borrow_count,
        u1_0.password,
        u1_0.role,
        u1_0.updated_at,
        u1_0.username 
    from
        users u1_0 
    where
        u1_0.id=?
2025-12-23 00:27:37 [http-nio-8083-exec-5] DEBUG org.hibernate.SQL - 
    select
        u1_0.id,
        u1_0.borrowed_count,
        u1_0.created_at,
        u1_0.deleted,
        u1_0.email,
        u1_0.max_borrow_count,
        u1_0.password,
        u1_0.role,
        u1_0.updated_at,
        u1_0.username 
    from
        users u1_0 
    where
        u1_0.id=?
2025-12-23 00:27:37 [http-nio-8083-exec-4] DEBUG org.hibernate.SQL - 
    select
        u1_0.id,
        u1_0.borrowed_count,
        u1_0.created_at,
        u1_0.deleted,
        u1_0.email,
        u1_0.max_borrow_count,
        u1_0.password,
        u1_0.role,
        u1_0.updated_at,
        u1_0.username 
    from
        users u1_0 
    where
        u1_0.id=?
2025-12-23 00:41:27 [http-nio-8083-exec-1] DEBUG org.hibernate.SQL - 
    select
        u1_0.id,
        u1_0.borrowed_count,
        u1_0.created_at,
        u1_0.deleted,
        u1_0.email,
        u1_0.max_borrow_count,
        u1_0.password,
        u1_0.role,
        u1_0.updated_at,
        u1_0.username 
    from
        users u1_0 
    where
        u1_0.username like ? escape '\\'
2025-12-23 00:41:31 [http-nio-8083-exec-2] DEBUG org.hibernate.SQL - 
    select
        u1_0.id,
        u1_0.borrowed_count,
        u1_0.created_at,
        u1_0.deleted,
        u1_0.email,
        u1_0.max_borrow_count,
        u1_0.password,
        u1_0.role,
        u1_0.updated_at,
        u1_0.username 
    from
        users u1_0 
    where
        u1_0.id=?
2025-12-23 00:42:20 [http-nio-8083-exec-3] DEBUG org.hibernate.SQL - 
    select
        u1_0.id,
        u1_0.borrowed_count,
        u1_0.created_at,
        u1_0.deleted,
        u1_0.email,
        u1_0.max_borrow_count,
        u1_0.password,
        u1_0.role,
        u1_0.updated_at,
        u1_0.username 
    from
        users u1_0 
    where
        u1_0.id=?
2025-12-23 00:56:31 [http-nio-8083-exec-3] DEBUG org.hibernate.SQL - 
    select
        u1_0.id,
        u1_0.borrowed_count,
        u1_0.created_at,
        u1_0.deleted,
        u1_0.email,
        u1_0.max_borrow_count,
        u1_0.password,
        u1_0.role,
        u1_0.updated_at,
        u1_0.username 
    from
        users u1_0 
    where
        u1_0.id=?
2025-12-23 00:59:50 [http-nio-8083-exec-6] DEBUG org.hibernate.SQL - 
    select
        u1_0.id,
        u1_0.borrowed_count,
        u1_0.created_at,
        u1_0.deleted,
        u1_0.email,
        u1_0.max_borrow_count,
        u1_0.password,
        u1_0.role,
        u1_0.updated_at,
        u1_0.username 
    from
        users u1_0 
    where
        u1_0.id=?
2025-12-23 01:00:03 [http-nio-8083-exec-8] DEBUG org.hibernate.SQL - 
    select
        u1_0.id,
        u1_0.borrowed_count,
        u1_0.created_at,
        u1_0.deleted,
        u1_0.email,
        u1_0.max_borrow_count,
        u1_0.password,
        u1_0.role,
        u1_0.updated_at,
        u1_0.username 
    from
        users u1_0 
    where
        u1_0.id=?
2025-12-23 01:01:01 [http-nio-8083-exec-10] DEBUG org.hibernate.SQL - 
    select
        u1_0.id,
        u1_0.borrowed_count,
        u1_0.created_at,
        u1_0.deleted,
        u1_0.email,
        u1_0.max_borrow_count,
        u1_0.password,
        u1_0.role,
        u1_0.updated_at,
        u1_0.username 
    from
        users u1_0 
    where
        u1_0.id=?
2025-12-23 01:01:15 [http-nio-8083-exec-9] DEBUG org.hibernate.SQL - 
    select
        u1_0.id,
        u1_0.borrowed_count,
        u1_0.created_at,
        u1_0.deleted,
        u1_0.email,
        u1_0.max_borrow_count,
        u1_0.password,
        u1_0.role,
        u1_0.updated_at,
        u1_0.username 
    from
        users u1_0 
    where
        u1_0.id=?
2025-12-23 01:01:18 [http-nio-8083-exec-2] DEBUG org.hibernate.SQL - 
    select
        u1_0.id,
        u1_0.borrowed_count,
        u1_0.created_at,
        u1_0.deleted,
        u1_0.email,
        u1_0.max_borrow_count,
        u1_0.password,
        u1_0.role,
        u1_0.updated_at,
        u1_0.username 
    from
        users u1_0 
    where
        u1_0.id=?
2025-12-23 01:01:18 [http-nio-8083-exec-3] DEBUG org.hibernate.SQL - 
    select
        u1_0.id,
        u1_0.borrowed_count,
        u1_0.created_at,
        u1_0.deleted,
        u1_0.email,
        u1_0.max_borrow_count,
        u1_0.password,
        u1_0.role,
        u1_0.updated_at,
        u1_0.username 
    from
        users u1_0 
    where
        u1_0.id=?
