2025-12-27 16:48:02 [main] WARN  c.a.n.client.logging.NacosLogging - Load Logback Configuration of Nacos fail, message: Could not initialize Logback Nacos logging from classpath:nacos-logback.xml
2025-12-27 16:48:02 [main] WARN  c.a.n.client.logging.NacosLogging - Load Logback Configuration of Nacos fail, message: Could not initialize Logback Nacos logging from classpath:nacos-logback.xml
2025-12-27 16:48:02 [main] INFO  c.z.l.BookServiceApplicationTests - Starting BookServiceApplicationTests using Java 17.0.16 with PID 12592 (started by Klisor in D:\微服务大作业\LibrarySystem\services\book-service)
2025-12-27 16:48:02 [main] DEBUG c.z.l.BookServiceApplicationTests - Running with Spring Boot v3.1.5, Spring v6.0.13
2025-12-27 16:48:02 [main] INFO  c.z.l.BookServiceApplicationTests - The following 1 profile is active: "dev"
2025-12-27 16:48:04 [main] INFO  o.s.d.r.c.RepositoryConfigurationDelegate - Bootstrapping Spring Data JPA repositories in DEFAULT mode.
2025-12-27 16:48:04 [main] INFO  o.s.d.r.c.RepositoryConfigurationDelegate - Finished Spring Data repository scanning in 157 ms. Found 1 JPA repository interfaces.
2025-12-27 16:48:04 [main] WARN  o.m.s.mapper.ClassPathMapperScanner - No MyBatis mapper was found in '[com.zjgsu.librarymanagement]' package. Please check your configuration.
2025-12-27 16:48:04 [main] INFO  o.s.cloud.context.scope.GenericScope - BeanFactory id=dbd560e9-c91a-3b5a-b7e2-caf98edb34c3
2025-12-27 16:48:06 [main] INFO  c.alibaba.druid.pool.DruidDataSource - {dataSource-1} inited
2025-12-27 16:48:07 [main] INFO  o.h.jpa.internal.util.LogHelper - HHH000204: Processing PersistenceUnitInfo [name: default]
2025-12-27 16:48:07 [main] INFO  org.hibernate.Version - HHH000412: Hibernate ORM core version 6.2.13.Final
2025-12-27 16:48:07 [main] INFO  org.hibernate.cfg.Environment - HHH000406: Using bytecode reflection optimizer
2025-12-27 16:48:07 [main] INFO  o.s.o.j.p.SpringPersistenceUnitInfo - No LoadTimeWeaver setup: ignoring JPA class transformer
2025-12-27 16:48:07 [main] WARN  org.hibernate.orm.deprecation - HHH90000025: MySQL8Dialect does not need to be specified explicitly using 'hibernate.dialect' (remove the property setting and it will be selected by default)
2025-12-27 16:48:07 [main] WARN  org.hibernate.orm.deprecation - HHH90000026: MySQL8Dialect has been deprecated; use org.hibernate.dialect.MySQLDialect instead
2025-12-27 16:48:08 [main] INFO  o.h.e.t.j.p.i.JtaPlatformInitiator - HHH000489: No JTA platform available (set 'hibernate.transaction.jta.platform' to enable JTA platform integration)
2025-12-27 16:48:08 [main] DEBUG org.hibernate.SQL - 
    alter table books 
       modify column category TINYINT default 10 not null
2025-12-27 16:48:08 [main] INFO  o.s.o.j.LocalContainerEntityManagerFactoryBean - Initialized JPA EntityManagerFactory for persistence unit 'default'
2025-12-27 16:48:09 [main] INFO  o.s.d.j.r.query.QueryEnhancerFactory - JSqlParser is in classpath; If applicable, JSqlParser will be used
2025-12-27 16:48:09 [main] INFO  o.s.d.j.r.query.QueryEnhancerFactory - Hibernate is in classpath; If applicable, HQL parser will be used.
2025-12-27 16:48:15 [main] WARN  o.s.c.l.c.LoadBalancerCacheAutoConfiguration$LoadBalancerCaffeineWarnLogger - Spring Cloud LoadBalancer is currently working with the default cache. While this cache implementation is useful for development and tests, it's recommended to use Caffeine cache in production.You can switch to using Caffeine cache, by adding it and org.springframework.cache.caffeine.CaffeineCacheManager to the classpath.
2025-12-27 16:48:15 [main] INFO  o.s.b.a.e.web.EndpointLinksResolver - Exposing 3 endpoint(s) beneath base path '/actuator'
2025-12-27 16:48:15 [main] INFO  c.z.l.BookServiceApplicationTests - Started BookServiceApplicationTests in 13.617 seconds (process running for 15.213)
2025-12-27 16:48:16 [SpringApplicationShutdownHook] INFO  o.s.o.j.LocalContainerEntityManagerFactoryBean - Closing JPA EntityManagerFactory for persistence unit 'default'
2025-12-27 16:48:16 [SpringApplicationShutdownHook] INFO  c.alibaba.druid.pool.DruidDataSource - {dataSource-1} closing ...
2025-12-27 16:48:16 [SpringApplicationShutdownHook] INFO  c.alibaba.druid.pool.DruidDataSource - {dataSource-1} closed
2025-12-27 17:25:09 [main] WARN  c.a.n.client.logging.NacosLogging - Load Logback Configuration of Nacos fail, message: Could not initialize Logback Nacos logging from classpath:nacos-logback.xml
2025-12-27 17:25:09 [main] WARN  c.a.n.client.logging.NacosLogging - Load Logback Configuration of Nacos fail, message: Could not initialize Logback Nacos logging from classpath:nacos-logback.xml
2025-12-27 17:25:09 [main] INFO  c.z.l.BookServiceApplicationTests - Starting BookServiceApplicationTests using Java 17.0.16 with PID 20372 (started by Klisor in D:\微服务大作业\LibrarySystem\services\book-service)
2025-12-27 17:25:09 [main] DEBUG c.z.l.BookServiceApplicationTests - Running with Spring Boot v3.1.5, Spring v6.0.13
2025-12-27 17:25:09 [main] INFO  c.z.l.BookServiceApplicationTests - The following 1 profile is active: "dev"
2025-12-27 17:25:11 [main] INFO  o.s.d.r.c.RepositoryConfigurationDelegate - Bootstrapping Spring Data JPA repositories in DEFAULT mode.
2025-12-27 17:25:11 [main] INFO  o.s.d.r.c.RepositoryConfigurationDelegate - Finished Spring Data repository scanning in 154 ms. Found 1 JPA repository interfaces.
2025-12-27 17:25:11 [main] WARN  o.m.s.mapper.ClassPathMapperScanner - No MyBatis mapper was found in '[com.zjgsu.librarymanagement]' package. Please check your configuration.
2025-12-27 17:25:12 [main] INFO  o.s.cloud.context.scope.GenericScope - BeanFactory id=dbd560e9-c91a-3b5a-b7e2-caf98edb34c3
2025-12-27 17:25:13 [main] INFO  c.alibaba.druid.pool.DruidDataSource - {dataSource-1} inited
2025-12-27 17:25:14 [main] INFO  o.h.jpa.internal.util.LogHelper - HHH000204: Processing PersistenceUnitInfo [name: default]
2025-12-27 17:25:14 [main] INFO  org.hibernate.Version - HHH000412: Hibernate ORM core version 6.2.13.Final
2025-12-27 17:25:14 [main] INFO  org.hibernate.cfg.Environment - HHH000406: Using bytecode reflection optimizer
2025-12-27 17:25:15 [main] INFO  o.s.o.j.p.SpringPersistenceUnitInfo - No LoadTimeWeaver setup: ignoring JPA class transformer
2025-12-27 17:25:15 [main] WARN  org.hibernate.orm.deprecation - HHH90000025: MySQL8Dialect does not need to be specified explicitly using 'hibernate.dialect' (remove the property setting and it will be selected by default)
2025-12-27 17:25:15 [main] WARN  org.hibernate.orm.deprecation - HHH90000026: MySQL8Dialect has been deprecated; use org.hibernate.dialect.MySQLDialect instead
2025-12-27 17:25:16 [main] INFO  o.h.e.t.j.p.i.JtaPlatformInitiator - HHH000489: No JTA platform available (set 'hibernate.transaction.jta.platform' to enable JTA platform integration)
2025-12-27 17:25:16 [main] DEBUG org.hibernate.SQL - 
    alter table books 
       modify column category TINYINT default 10 not null
2025-12-27 17:25:16 [main] INFO  o.s.o.j.LocalContainerEntityManagerFactoryBean - Initialized JPA EntityManagerFactory for persistence unit 'default'
2025-12-27 17:25:17 [main] INFO  o.s.d.j.r.query.QueryEnhancerFactory - JSqlParser is in classpath; If applicable, JSqlParser will be used
2025-12-27 17:25:17 [main] INFO  o.s.d.j.r.query.QueryEnhancerFactory - Hibernate is in classpath; If applicable, HQL parser will be used.
2025-12-27 17:25:25 [main] WARN  o.s.c.l.c.LoadBalancerCacheAutoConfiguration$LoadBalancerCaffeineWarnLogger - Spring Cloud LoadBalancer is currently working with the default cache. While this cache implementation is useful for development and tests, it's recommended to use Caffeine cache in production.You can switch to using Caffeine cache, by adding it and org.springframework.cache.caffeine.CaffeineCacheManager to the classpath.
2025-12-27 17:25:25 [main] INFO  o.s.b.a.e.web.EndpointLinksResolver - Exposing 3 endpoint(s) beneath base path '/actuator'
2025-12-27 17:25:25 [main] INFO  c.z.l.BookServiceApplicationTests - Started BookServiceApplicationTests in 16.479 seconds (process running for 17.689)
2025-12-27 17:25:26 [SpringApplicationShutdownHook] INFO  o.s.o.j.LocalContainerEntityManagerFactoryBean - Closing JPA EntityManagerFactory for persistence unit 'default'
2025-12-27 17:25:26 [SpringApplicationShutdownHook] INFO  c.alibaba.druid.pool.DruidDataSource - {dataSource-1} closing ...
2025-12-27 17:25:26 [SpringApplicationShutdownHook] INFO  c.alibaba.druid.pool.DruidDataSource - {dataSource-1} closed
2025-12-27 21:52:45 [main] WARN  c.a.n.client.logging.NacosLogging - Load Logback Configuration of Nacos fail, message: Could not initialize Logback Nacos logging from classpath:nacos-logback.xml
2025-12-27 21:52:45 [main] WARN  c.a.n.client.logging.NacosLogging - Load Logback Configuration of Nacos fail, message: Could not initialize Logback Nacos logging from classpath:nacos-logback.xml
2025-12-27 21:52:45 [main] INFO  c.z.l.BookServiceApplicationTests - Starting BookServiceApplicationTests using Java 17.0.16 with PID 33408 (started by Klisor in D:\微服务大作业\LibrarySystem\services\book-service)
2025-12-27 21:52:45 [main] DEBUG c.z.l.BookServiceApplicationTests - Running with Spring Boot v3.1.5, Spring v6.0.13
2025-12-27 21:52:45 [main] INFO  c.z.l.BookServiceApplicationTests - The following 1 profile is active: "dev"
2025-12-27 21:52:46 [main] INFO  o.s.d.r.c.RepositoryConfigurationDelegate - Bootstrapping Spring Data JPA repositories in DEFAULT mode.
2025-12-27 21:52:46 [main] INFO  o.s.d.r.c.RepositoryConfigurationDelegate - Finished Spring Data repository scanning in 165 ms. Found 1 JPA repository interfaces.
2025-12-27 21:52:47 [main] WARN  o.m.s.mapper.ClassPathMapperScanner - No MyBatis mapper was found in '[com.zjgsu.librarymanagement]' package. Please check your configuration.
2025-12-27 21:52:47 [main] INFO  o.s.cloud.context.scope.GenericScope - BeanFactory id=dbd560e9-c91a-3b5a-b7e2-caf98edb34c3
2025-12-27 21:52:48 [main] INFO  c.alibaba.druid.pool.DruidDataSource - {dataSource-1} inited
2025-12-27 21:52:49 [main] INFO  o.h.jpa.internal.util.LogHelper - HHH000204: Processing PersistenceUnitInfo [name: default]
2025-12-27 21:52:49 [main] INFO  org.hibernate.Version - HHH000412: Hibernate ORM core version 6.2.13.Final
2025-12-27 21:52:49 [main] INFO  org.hibernate.cfg.Environment - HHH000406: Using bytecode reflection optimizer
2025-12-27 21:52:50 [main] INFO  o.s.o.j.p.SpringPersistenceUnitInfo - No LoadTimeWeaver setup: ignoring JPA class transformer
2025-12-27 21:52:50 [main] WARN  org.hibernate.orm.deprecation - HHH90000025: MySQL8Dialect does not need to be specified explicitly using 'hibernate.dialect' (remove the property setting and it will be selected by default)
2025-12-27 21:52:50 [main] WARN  org.hibernate.orm.deprecation - HHH90000026: MySQL8Dialect has been deprecated; use org.hibernate.dialect.MySQLDialect instead
2025-12-27 21:52:51 [main] INFO  o.h.e.t.j.p.i.JtaPlatformInitiator - HHH000489: No JTA platform available (set 'hibernate.transaction.jta.platform' to enable JTA platform integration)
2025-12-27 21:52:51 [main] DEBUG org.hibernate.SQL - 
    alter table books 
       modify column category TINYINT default 10 not null
2025-12-27 21:52:51 [main] INFO  o.s.o.j.LocalContainerEntityManagerFactoryBean - Initialized JPA EntityManagerFactory for persistence unit 'default'
2025-12-27 21:52:51 [main] INFO  o.s.d.j.r.query.QueryEnhancerFactory - JSqlParser is in classpath; If applicable, JSqlParser will be used
2025-12-27 21:52:51 [main] INFO  o.s.d.j.r.query.QueryEnhancerFactory - Hibernate is in classpath; If applicable, HQL parser will be used.
2025-12-27 21:52:58 [main] WARN  o.s.c.l.c.LoadBalancerCacheAutoConfiguration$LoadBalancerCaffeineWarnLogger - Spring Cloud LoadBalancer is currently working with the default cache. While this cache implementation is useful for development and tests, it's recommended to use Caffeine cache in production.You can switch to using Caffeine cache, by adding it and org.springframework.cache.caffeine.CaffeineCacheManager to the classpath.
2025-12-27 21:52:58 [main] INFO  o.s.b.a.e.web.EndpointLinksResolver - Exposing 3 endpoint(s) beneath base path '/actuator'
2025-12-27 21:52:58 [main] INFO  c.z.l.BookServiceApplicationTests - Started BookServiceApplicationTests in 14.166 seconds (process running for 15.924)
2025-12-27 21:52:59 [SpringApplicationShutdownHook] INFO  o.s.o.j.LocalContainerEntityManagerFactoryBean - Closing JPA EntityManagerFactory for persistence unit 'default'
2025-12-27 21:52:59 [SpringApplicationShutdownHook] INFO  c.alibaba.druid.pool.DruidDataSource - {dataSource-1} closing ...
2025-12-27 21:52:59 [SpringApplicationShutdownHook] INFO  c.alibaba.druid.pool.DruidDataSource - {dataSource-1} closed
2025-12-27 21:59:33 [main] WARN  c.a.n.client.logging.NacosLogging - Load Logback Configuration of Nacos fail, message: Could not initialize Logback Nacos logging from classpath:nacos-logback.xml
2025-12-27 21:59:33 [main] WARN  c.a.n.client.logging.NacosLogging - Load Logback Configuration of Nacos fail, message: Could not initialize Logback Nacos logging from classpath:nacos-logback.xml
2025-12-27 21:59:33 [main] INFO  c.z.l.BookServiceApplicationTests - Starting BookServiceApplicationTests using Java 17.0.16 with PID 33744 (started by Klisor in D:\微服务大作业\LibrarySystem\services\book-service)
2025-12-27 21:59:33 [main] DEBUG c.z.l.BookServiceApplicationTests - Running with Spring Boot v3.1.5, Spring v6.0.13
2025-12-27 21:59:33 [main] INFO  c.z.l.BookServiceApplicationTests - The following 1 profile is active: "dev"
2025-12-27 21:59:35 [main] INFO  o.s.d.r.c.RepositoryConfigurationDelegate - Bootstrapping Spring Data JPA repositories in DEFAULT mode.
2025-12-27 21:59:35 [main] INFO  o.s.d.r.c.RepositoryConfigurationDelegate - Finished Spring Data repository scanning in 208 ms. Found 1 JPA repository interfaces.
2025-12-27 21:59:36 [main] WARN  o.m.s.mapper.ClassPathMapperScanner - No MyBatis mapper was found in '[com.zjgsu.librarymanagement]' package. Please check your configuration.
2025-12-27 21:59:36 [main] INFO  o.s.cloud.context.scope.GenericScope - BeanFactory id=dbd560e9-c91a-3b5a-b7e2-caf98edb34c3
2025-12-27 21:59:37 [main] INFO  c.alibaba.druid.pool.DruidDataSource - {dataSource-1} inited
2025-12-27 21:59:38 [main] INFO  o.h.jpa.internal.util.LogHelper - HHH000204: Processing PersistenceUnitInfo [name: default]
2025-12-27 21:59:38 [main] INFO  org.hibernate.Version - HHH000412: Hibernate ORM core version 6.2.13.Final
2025-12-27 21:59:38 [main] INFO  org.hibernate.cfg.Environment - HHH000406: Using bytecode reflection optimizer
2025-12-27 21:59:39 [main] INFO  o.s.o.j.p.SpringPersistenceUnitInfo - No LoadTimeWeaver setup: ignoring JPA class transformer
2025-12-27 21:59:39 [main] WARN  org.hibernate.orm.deprecation - HHH90000025: MySQL8Dialect does not need to be specified explicitly using 'hibernate.dialect' (remove the property setting and it will be selected by default)
2025-12-27 21:59:39 [main] WARN  org.hibernate.orm.deprecation - HHH90000026: MySQL8Dialect has been deprecated; use org.hibernate.dialect.MySQLDialect instead
2025-12-27 21:59:39 [main] INFO  o.h.e.t.j.p.i.JtaPlatformInitiator - HHH000489: No JTA platform available (set 'hibernate.transaction.jta.platform' to enable JTA platform integration)
2025-12-27 21:59:40 [main] DEBUG org.hibernate.SQL - 
    alter table books 
       modify column category TINYINT default 10 not null
2025-12-27 21:59:40 [main] INFO  o.s.o.j.LocalContainerEntityManagerFactoryBean - Initialized JPA EntityManagerFactory for persistence unit 'default'
2025-12-27 21:59:40 [main] INFO  o.s.d.j.r.query.QueryEnhancerFactory - JSqlParser is in classpath; If applicable, JSqlParser will be used
2025-12-27 21:59:40 [main] INFO  o.s.d.j.r.query.QueryEnhancerFactory - Hibernate is in classpath; If applicable, HQL parser will be used.
2025-12-27 21:59:47 [main] WARN  o.s.c.l.c.LoadBalancerCacheAutoConfiguration$LoadBalancerCaffeineWarnLogger - Spring Cloud LoadBalancer is currently working with the default cache. While this cache implementation is useful for development and tests, it's recommended to use Caffeine cache in production.You can switch to using Caffeine cache, by adding it and org.springframework.cache.caffeine.CaffeineCacheManager to the classpath.
2025-12-27 21:59:47 [main] INFO  o.s.b.a.e.web.EndpointLinksResolver - Exposing 3 endpoint(s) beneath base path '/actuator'
2025-12-27 21:59:47 [main] INFO  c.z.l.BookServiceApplicationTests - Started BookServiceApplicationTests in 15.529 seconds (process running for 16.863)
2025-12-27 21:59:48 [SpringApplicationShutdownHook] INFO  o.s.o.j.LocalContainerEntityManagerFactoryBean - Closing JPA EntityManagerFactory for persistence unit 'default'
2025-12-27 21:59:48 [SpringApplicationShutdownHook] INFO  c.alibaba.druid.pool.DruidDataSource - {dataSource-1} closing ...
2025-12-27 21:59:48 [SpringApplicationShutdownHook] INFO  c.alibaba.druid.pool.DruidDataSource - {dataSource-1} closed
